1718391248721	geckodriver	INFO	Listening on 127.0.0.1:59093
1718391248854	mozrunner::runner	INFO	Running command: MOZ_CRASHREPORTER="1" MOZ_CRASHREPORTER_NO_REPORT="1" MOZ_CRASHREPORTER_SHUTDOWN="1" MOZ_NO_REMOTE="1" "/Use ... s" "localhost" "-foreground" "-no-remote" "-profile" "/var/folders/zl/fksq_2p51zn0pmfdrbk8q2zw0000gn/T/rust_mozprofilevJOH63"
console.warn: services.settings: Ignoring preference override of remote settings server
console.warn: services.settings: Allow by setting MOZ_REMOTE_SETTINGS_DEVTOOLS=1 in the environment
1718391253934	Marionette	INFO	Marionette enabled
console.error: "Warning: unrecognized command line flag" "-remote-allow-hosts"
1718391254199	Marionette	INFO	Listening on port 59113
WebDriver BiDi listening on ws://127.0.0.1:59094
Read port: 59113
1718391254310	RemoteAgent	WARN	TLS certificate errors will be ignored for this session
UNSUPPORTED (log once): POSSIBLE ISSUE: unit 1 GLD_TEXTURE_INDEX_2D is unloadable and bound to sampler type (Float) - using zero texture because texture unloadable
DevTools listening on ws://127.0.0.1:59094/devtools/browser/c70db3d2-bba6-478d-ae8f-81e809e8a99e
JavaScript error: https://demo.nopcommerce.com/Plugins/Widgets.NivoSlider/Scripts/jquery.nivo.slider.js?v=2zrdcEASzxCV351S7RU4ZQt8wRA, line 1: ReferenceError: jQuery is not defined
JavaScript error: https://demo.nopcommerce.com/ line 1 > injectedScript, line 1: ReferenceError: $ is not defined
JavaScript error: https://demo.nopcommerce.com/ line 1 > injectedScript, line 1: ReferenceError: $ is not defined
JavaScript error: https://demo.nopcommerce.com/ line 1 > injectedScript, line 1: ReferenceError: $ is not defined
JavaScript error: https://demo.nopcommerce.com/ line 1 > injectedScript, line 1: ReferenceError: $ is not defined
JavaScript error: https://demo.nopcommerce.com/ line 1 > injectedScript, line 1: ReferenceError: $ is not defined
JavaScript error: https://demo.nopcommerce.com/ line 1 > injectedScript, line 1: ReferenceError: AjaxCart is not defined
JavaScript error: https://demo.nopcommerce.com/ line 1 > injectedScript, line 1: ReferenceError: $ is not defined
JavaScript error: https://demo.nopcommerce.com/ line 1 > injectedScript, line 1: ReferenceError: $ is not defined
JavaScript error: https://demo.nopcommerce.com/ line 1 > injectedScript, line 1: ReferenceError: $ is not defined
JavaScript error: https://demo.nopcommerce.com/ line 1 > injectedScript, line 1: ReferenceError: $ is not defined
1718391284791	addons.xpi	ERROR	System addon update list error SyntaxError: XMLHttpRequest.open: 'http://%(server)s/dummy-system-addons.xml' is not a valid URL.
1718391428500	Marionette	INFO	Stopped listening on port 59113
